[INFO ][2023-05-15 18:55:49]Starting TeletubbiesApplication on 민영 with PID 14160 (C:\study\springboot-teletubbies\out\production\classes started by yny97 in C:\study\springboot-teletubbies)
[INFO ][2023-05-15 18:55:49]No active profile set, falling back to default profiles: default
[INFO ][2023-05-15 18:55:51]Multiple Spring Data modules found, entering strict repository configuration mode!
[INFO ][2023-05-15 18:55:51]Bootstrapping Spring Data Redis repositories in DEFAULT mode.
[INFO ][2023-05-15 18:55:51]Finished Spring Data repository scanning in 27ms. Found 0 Redis repository interfaces.
[INFO ][2023-05-15 18:55:52]Post-processing PropertySource instances
[INFO ][2023-05-15 18:55:52]Skipping PropertySource configurationProperties [class org.springframework.boot.context.properties.source.ConfigurationPropertySourcesPropertySource
[INFO ][2023-05-15 18:55:52]Skipping PropertySource servletConfigInitParams [class org.springframework.core.env.PropertySource$StubPropertySource
[INFO ][2023-05-15 18:55:52]Skipping PropertySource servletContextInitParams [class org.springframework.core.env.PropertySource$StubPropertySource
[INFO ][2023-05-15 18:55:52]Converting PropertySource systemProperties [org.springframework.core.env.PropertiesPropertySource] to EncryptableMapPropertySourceWrapper
[INFO ][2023-05-15 18:55:52]Converting PropertySource systemEnvironment [org.springframework.boot.env.SystemEnvironmentPropertySourceEnvironmentPostProcessor$OriginAwareSystemEnvironmentPropertySource] to EncryptableSystemEnvironmentPropertySourceWrapper
[INFO ][2023-05-15 18:55:52]Converting PropertySource random [org.springframework.boot.env.RandomValuePropertySource] to EncryptablePropertySourceWrapper
[INFO ][2023-05-15 18:55:52]Converting PropertySource applicationConfig: [file:./config/application.yml] [org.springframework.boot.env.OriginTrackedMapPropertySource] to EncryptableMapPropertySourceWrapper
[INFO ][2023-05-15 18:55:52]No bean named 'errorChannel' has been explicitly defined. Therefore, a default PublishSubscribeChannel will be created.
[INFO ][2023-05-15 18:55:52]No bean named 'taskScheduler' has been explicitly defined. Therefore, a default ThreadPoolTaskScheduler will be created.
[INFO ][2023-05-15 18:55:52]No bean named 'integrationHeaderChannelRegistry' has been explicitly defined. Therefore, a default DefaultHeaderChannelRegistry will be created.
[INFO ][2023-05-15 18:55:53]Bean 'org.springframework.integration.config.IntegrationManagementConfiguration' of type [org.springframework.integration.config.IntegrationManagementConfiguration] is not eligible for getting processed by all BeanPostProcessors (for example: not eligible for auto-proxying)
[INFO ][2023-05-15 18:55:53]Bean 'integrationChannelResolver' of type [org.springframework.integration.support.channel.BeanFactoryChannelResolver] is not eligible for getting processed by all BeanPostProcessors (for example: not eligible for auto-proxying)
[INFO ][2023-05-15 18:55:53]Bean 'integrationDisposableAutoCreatedBeans' of type [org.springframework.integration.config.annotation.Disposables] is not eligible for getting processed by all BeanPostProcessors (for example: not eligible for auto-proxying)
[INFO ][2023-05-15 18:55:53]Property Filter custom Bean not found with name 'encryptablePropertyFilter'. Initializing Default Property Filter
[INFO ][2023-05-15 18:55:53]Property Resolver custom Bean not found with name 'encryptablePropertyResolver'. Initializing Default Property Resolver
[INFO ][2023-05-15 18:55:53]Property Detector custom Bean not found with name 'encryptablePropertyDetector'. Initializing Default Property Detector
[INFO ][2023-05-15 18:55:55]Tomcat initialized with port(s): 8004 (http)
[INFO ][2023-05-15 18:55:56]Root WebApplicationContext: initialization completed in 6338 ms
[INFO ][2023-05-15 18:55:57]Initializing ExecutorService 'applicationTaskExecutor'
[INFO ][2023-05-15 18:56:03]Initializing ExecutorService 'taskScheduler'
[INFO ][2023-05-15 18:56:03]Adding {logging-channel-adapter:_org.springframework.integration.errorLogger} as a subscriber to the 'errorChannel' channel
[INFO ][2023-05-15 18:56:03]Channel 'application.errorChannel' has 1 subscriber(s).
[INFO ][2023-05-15 18:56:03]started bean '_org.springframework.integration.errorLogger'
[INFO ][2023-05-15 18:56:03]Tomcat started on port(s): 8004 (http) with context path '/teletubbies'
[INFO ][2023-05-15 18:56:03]Refreshing cached encryptable property sources on ServletWebServerInitializedEvent
[INFO ][2023-05-15 18:56:03]Property Source systemProperties refreshed
[INFO ][2023-05-15 18:56:03]Property Source systemEnvironment refreshed
[INFO ][2023-05-15 18:56:03]Property Source random refreshed
[INFO ][2023-05-15 18:56:03]Property Source applicationConfig: [file:./config/application.yml] refreshed
[INFO ][2023-05-15 18:56:03]Converting PropertySource server.ports [org.springframework.core.env.MapPropertySource] to EncryptableMapPropertySourceWrapper
[INFO ][2023-05-15 18:56:03]Skipping PropertySource configurationProperties [class org.springframework.boot.context.properties.source.ConfigurationPropertySourcesPropertySource
[INFO ][2023-05-15 18:56:03]Skipping PropertySource servletConfigInitParams [class org.springframework.core.env.PropertySource$StubPropertySource
[INFO ][2023-05-15 18:56:03]Converting PropertySource servletContextInitParams [org.springframework.web.context.support.ServletContextPropertySource] to EncryptableEnumerablePropertySourceWrapper
[INFO ][2023-05-15 18:56:03]Started TeletubbiesApplication in 14.552 seconds (JVM running for 17.407)
[INFO ][2023-05-15 18:56:09]Initializing Servlet 'dispatcherServlet'
[INFO ][2023-05-15 18:56:09]Completed initialization in 12 ms
[INFO ][2023-05-15 18:56:09]TbController start
[INFO ][2023-05-15 18:56:09]TbController tbUserInfo : admin
[INFO ][2023-05-15 18:56:09]TbController tbUserInfo : 1234567
[INFO ][2023-05-15 18:56:09]TbController tbUserInfo : 관리자

[INFO ][2023-05-15 18:56:09]TbController tbUserInfo : TbUserInfo(userId=admin, userPw=1234567, userName=관리자, nickName=텔레토비, phone=010-1234-5678, email=tele@tobi.com, userAuth=A)
[INFO ][2023-05-15 18:56:09]TbController sessionInfo : TbUserInfo(userId=admin, userPw=1234567, userName=관리자, nickName=텔레토비, phone=010-1234-5678, email=tele@tobi.com, userAuth=A)
[INFO ][2023-05-15 18:56:09]TbController requestModel : SessionInfo(user_id=null, user_pw=null, user_name=null, nickName=null, phone=null, email=null, user_auth=null, tbUserInfo = TbUserInfo(userId=admin, userPw=1234567, userName=관리자, nickName=텔레토비, phone=010-1234-5678, email=tele@tobi.com, userAuth=A)
[INFO ][2023-05-15 18:56:09]TbController param : {userId=1, userPw=5}
[INFO ][2023-05-15 18:56:09]TbController ApiCode : tb001A05
[INFO ][2023-05-15 18:56:09]TbService start 
[INFO ][2023-05-15 18:56:09]TbService ApiCode : tb001A05
[INFO ][2023-05-15 18:56:09]TbService handler : com.project.teletubbies.handler.api.tb001A05@2cee5365
[INFO ][2023-05-15 18:56:09]HikariPool-1 - Starting...
[INFO ][2023-05-15 18:56:09]HikariPool-1 - Start completed.
[INFO ][2023-05-15 18:56:09]TbController result : Result [resultCode=0, resultMsg=, resultData=fail]
[INFO ][2023-05-15 18:57:00]Removing {logging-channel-adapter:_org.springframework.integration.errorLogger} as a subscriber to the 'errorChannel' channel
[INFO ][2023-05-15 18:57:00]Channel 'application.errorChannel' has 0 subscriber(s).
[INFO ][2023-05-15 18:57:00]stopped bean '_org.springframework.integration.errorLogger'
[INFO ][2023-05-15 18:57:00]Shutting down ExecutorService 'taskScheduler'
[INFO ][2023-05-15 18:57:00]Shutting down ExecutorService 'applicationTaskExecutor'
[INFO ][2023-05-15 18:57:00]HikariPool-1 - Shutdown initiated...
[INFO ][2023-05-15 18:57:00]HikariPool-1 - Shutdown completed.
[INFO ][2023-05-15 19:08:42]Starting TeletubbiesApplication on 민영 with PID 17204 (C:\study\springboot-teletubbies\out\production\classes started by yny97 in C:\study\springboot-teletubbies)
[INFO ][2023-05-15 19:08:42]No active profile set, falling back to default profiles: default
[INFO ][2023-05-15 19:08:44]Multiple Spring Data modules found, entering strict repository configuration mode!
[INFO ][2023-05-15 19:08:44]Bootstrapping Spring Data Redis repositories in DEFAULT mode.
[INFO ][2023-05-15 19:08:44]Finished Spring Data repository scanning in 27ms. Found 0 Redis repository interfaces.
[INFO ][2023-05-15 19:08:45]Post-processing PropertySource instances
[INFO ][2023-05-15 19:08:45]Skipping PropertySource configurationProperties [class org.springframework.boot.context.properties.source.ConfigurationPropertySourcesPropertySource
[INFO ][2023-05-15 19:08:45]Skipping PropertySource servletConfigInitParams [class org.springframework.core.env.PropertySource$StubPropertySource
[INFO ][2023-05-15 19:08:45]Skipping PropertySource servletContextInitParams [class org.springframework.core.env.PropertySource$StubPropertySource
[INFO ][2023-05-15 19:08:45]Converting PropertySource systemProperties [org.springframework.core.env.PropertiesPropertySource] to EncryptableMapPropertySourceWrapper
[INFO ][2023-05-15 19:08:45]Converting PropertySource systemEnvironment [org.springframework.boot.env.SystemEnvironmentPropertySourceEnvironmentPostProcessor$OriginAwareSystemEnvironmentPropertySource] to EncryptableSystemEnvironmentPropertySourceWrapper
[INFO ][2023-05-15 19:08:45]Converting PropertySource random [org.springframework.boot.env.RandomValuePropertySource] to EncryptablePropertySourceWrapper
[INFO ][2023-05-15 19:08:45]Converting PropertySource applicationConfig: [file:./config/application.yml] [org.springframework.boot.env.OriginTrackedMapPropertySource] to EncryptableMapPropertySourceWrapper
[INFO ][2023-05-15 19:08:45]No bean named 'errorChannel' has been explicitly defined. Therefore, a default PublishSubscribeChannel will be created.
[INFO ][2023-05-15 19:08:45]No bean named 'taskScheduler' has been explicitly defined. Therefore, a default ThreadPoolTaskScheduler will be created.
[INFO ][2023-05-15 19:08:45]No bean named 'integrationHeaderChannelRegistry' has been explicitly defined. Therefore, a default DefaultHeaderChannelRegistry will be created.
[INFO ][2023-05-15 19:08:45]Bean 'org.springframework.integration.config.IntegrationManagementConfiguration' of type [org.springframework.integration.config.IntegrationManagementConfiguration] is not eligible for getting processed by all BeanPostProcessors (for example: not eligible for auto-proxying)
[INFO ][2023-05-15 19:08:45]Bean 'integrationChannelResolver' of type [org.springframework.integration.support.channel.BeanFactoryChannelResolver] is not eligible for getting processed by all BeanPostProcessors (for example: not eligible for auto-proxying)
[INFO ][2023-05-15 19:08:45]Bean 'integrationDisposableAutoCreatedBeans' of type [org.springframework.integration.config.annotation.Disposables] is not eligible for getting processed by all BeanPostProcessors (for example: not eligible for auto-proxying)
[INFO ][2023-05-15 19:08:46]Property Filter custom Bean not found with name 'encryptablePropertyFilter'. Initializing Default Property Filter
[INFO ][2023-05-15 19:08:46]Property Resolver custom Bean not found with name 'encryptablePropertyResolver'. Initializing Default Property Resolver
[INFO ][2023-05-15 19:08:46]Property Detector custom Bean not found with name 'encryptablePropertyDetector'. Initializing Default Property Detector
[INFO ][2023-05-15 19:08:48]Tomcat initialized with port(s): 8004 (http)
[INFO ][2023-05-15 19:08:49]Root WebApplicationContext: initialization completed in 6321 ms
[INFO ][2023-05-15 19:08:50]Initializing ExecutorService 'applicationTaskExecutor'
[INFO ][2023-05-15 19:08:55]Initializing ExecutorService 'taskScheduler'
[INFO ][2023-05-15 19:08:56]Adding {logging-channel-adapter:_org.springframework.integration.errorLogger} as a subscriber to the 'errorChannel' channel
[INFO ][2023-05-15 19:08:56]Channel 'application.errorChannel' has 1 subscriber(s).
[INFO ][2023-05-15 19:08:56]started bean '_org.springframework.integration.errorLogger'
[INFO ][2023-05-15 19:08:56]Tomcat started on port(s): 8004 (http) with context path '/teletubbies'
[INFO ][2023-05-15 19:08:56]Refreshing cached encryptable property sources on ServletWebServerInitializedEvent
[INFO ][2023-05-15 19:08:56]Property Source systemProperties refreshed
[INFO ][2023-05-15 19:08:56]Property Source systemEnvironment refreshed
[INFO ][2023-05-15 19:08:56]Property Source random refreshed
[INFO ][2023-05-15 19:08:56]Property Source applicationConfig: [file:./config/application.yml] refreshed
[INFO ][2023-05-15 19:08:56]Converting PropertySource server.ports [org.springframework.core.env.MapPropertySource] to EncryptableMapPropertySourceWrapper
[INFO ][2023-05-15 19:08:56]Skipping PropertySource configurationProperties [class org.springframework.boot.context.properties.source.ConfigurationPropertySourcesPropertySource
[INFO ][2023-05-15 19:08:56]Skipping PropertySource servletConfigInitParams [class org.springframework.core.env.PropertySource$StubPropertySource
[INFO ][2023-05-15 19:08:56]Converting PropertySource servletContextInitParams [org.springframework.web.context.support.ServletContextPropertySource] to EncryptableEnumerablePropertySourceWrapper
[INFO ][2023-05-15 19:08:56]Started TeletubbiesApplication in 15.067 seconds (JVM running for 17.647)
[INFO ][2023-05-15 19:12:14]Removing {logging-channel-adapter:_org.springframework.integration.errorLogger} as a subscriber to the 'errorChannel' channel
[INFO ][2023-05-15 19:12:14]Channel 'application.errorChannel' has 0 subscriber(s).
[INFO ][2023-05-15 19:12:14]stopped bean '_org.springframework.integration.errorLogger'
[INFO ][2023-05-15 19:12:14]Shutting down ExecutorService 'taskScheduler'
[INFO ][2023-05-15 19:12:14]Shutting down ExecutorService 'applicationTaskExecutor'
[INFO ][2023-05-15 19:12:21]Starting TeletubbiesApplication on 민영 with PID 2708 (C:\study\springboot-teletubbies\out\production\classes started by yny97 in C:\study\springboot-teletubbies)
[INFO ][2023-05-15 19:12:21]No active profile set, falling back to default profiles: default
[INFO ][2023-05-15 19:12:23]Multiple Spring Data modules found, entering strict repository configuration mode!
[INFO ][2023-05-15 19:12:23]Bootstrapping Spring Data Redis repositories in DEFAULT mode.
[INFO ][2023-05-15 19:12:23]Finished Spring Data repository scanning in 29ms. Found 0 Redis repository interfaces.
[INFO ][2023-05-15 19:12:24]Post-processing PropertySource instances
[INFO ][2023-05-15 19:12:24]Skipping PropertySource configurationProperties [class org.springframework.boot.context.properties.source.ConfigurationPropertySourcesPropertySource
[INFO ][2023-05-15 19:12:24]Skipping PropertySource servletConfigInitParams [class org.springframework.core.env.PropertySource$StubPropertySource
[INFO ][2023-05-15 19:12:24]Skipping PropertySource servletContextInitParams [class org.springframework.core.env.PropertySource$StubPropertySource
[INFO ][2023-05-15 19:12:24]Converting PropertySource systemProperties [org.springframework.core.env.PropertiesPropertySource] to EncryptableMapPropertySourceWrapper
[INFO ][2023-05-15 19:12:24]Converting PropertySource systemEnvironment [org.springframework.boot.env.SystemEnvironmentPropertySourceEnvironmentPostProcessor$OriginAwareSystemEnvironmentPropertySource] to EncryptableSystemEnvironmentPropertySourceWrapper
[INFO ][2023-05-15 19:12:24]Converting PropertySource random [org.springframework.boot.env.RandomValuePropertySource] to EncryptablePropertySourceWrapper
[INFO ][2023-05-15 19:12:24]Converting PropertySource applicationConfig: [file:./config/application.yml] [org.springframework.boot.env.OriginTrackedMapPropertySource] to EncryptableMapPropertySourceWrapper
[INFO ][2023-05-15 19:12:24]No bean named 'errorChannel' has been explicitly defined. Therefore, a default PublishSubscribeChannel will be created.
[INFO ][2023-05-15 19:12:24]No bean named 'taskScheduler' has been explicitly defined. Therefore, a default ThreadPoolTaskScheduler will be created.
[INFO ][2023-05-15 19:12:24]No bean named 'integrationHeaderChannelRegistry' has been explicitly defined. Therefore, a default DefaultHeaderChannelRegistry will be created.
[INFO ][2023-05-15 19:12:24]Bean 'org.springframework.integration.config.IntegrationManagementConfiguration' of type [org.springframework.integration.config.IntegrationManagementConfiguration] is not eligible for getting processed by all BeanPostProcessors (for example: not eligible for auto-proxying)
[INFO ][2023-05-15 19:12:24]Bean 'integrationChannelResolver' of type [org.springframework.integration.support.channel.BeanFactoryChannelResolver] is not eligible for getting processed by all BeanPostProcessors (for example: not eligible for auto-proxying)
[INFO ][2023-05-15 19:12:24]Bean 'integrationDisposableAutoCreatedBeans' of type [org.springframework.integration.config.annotation.Disposables] is not eligible for getting processed by all BeanPostProcessors (for example: not eligible for auto-proxying)
[INFO ][2023-05-15 19:12:25]Property Filter custom Bean not found with name 'encryptablePropertyFilter'. Initializing Default Property Filter
[INFO ][2023-05-15 19:12:25]Property Resolver custom Bean not found with name 'encryptablePropertyResolver'. Initializing Default Property Resolver
[INFO ][2023-05-15 19:12:25]Property Detector custom Bean not found with name 'encryptablePropertyDetector'. Initializing Default Property Detector
[INFO ][2023-05-15 19:12:27]Tomcat initialized with port(s): 8004 (http)
[INFO ][2023-05-15 19:12:28]Root WebApplicationContext: initialization completed in 6043 ms
[INFO ][2023-05-15 19:12:29]Initializing ExecutorService 'applicationTaskExecutor'
[INFO ][2023-05-15 19:12:35]Initializing ExecutorService 'taskScheduler'
[INFO ][2023-05-15 19:12:35]Adding {logging-channel-adapter:_org.springframework.integration.errorLogger} as a subscriber to the 'errorChannel' channel
[INFO ][2023-05-15 19:12:35]Channel 'application.errorChannel' has 1 subscriber(s).
[INFO ][2023-05-15 19:12:35]started bean '_org.springframework.integration.errorLogger'
[INFO ][2023-05-15 19:12:35]Tomcat started on port(s): 8004 (http) with context path '/teletubbies'
[INFO ][2023-05-15 19:12:35]Refreshing cached encryptable property sources on ServletWebServerInitializedEvent
[INFO ][2023-05-15 19:12:35]Property Source systemProperties refreshed
[INFO ][2023-05-15 19:12:35]Property Source systemEnvironment refreshed
[INFO ][2023-05-15 19:12:35]Property Source random refreshed
[INFO ][2023-05-15 19:12:35]Property Source applicationConfig: [file:./config/application.yml] refreshed
[INFO ][2023-05-15 19:12:35]Converting PropertySource server.ports [org.springframework.core.env.MapPropertySource] to EncryptableMapPropertySourceWrapper
[INFO ][2023-05-15 19:12:35]Skipping PropertySource configurationProperties [class org.springframework.boot.context.properties.source.ConfigurationPropertySourcesPropertySource
[INFO ][2023-05-15 19:12:35]Skipping PropertySource servletConfigInitParams [class org.springframework.core.env.PropertySource$StubPropertySource
[INFO ][2023-05-15 19:12:35]Converting PropertySource servletContextInitParams [org.springframework.web.context.support.ServletContextPropertySource] to EncryptableEnumerablePropertySourceWrapper
[INFO ][2023-05-15 19:12:35]Started TeletubbiesApplication in 14.7 seconds (JVM running for 17.937)
[INFO ][2023-05-15 19:15:43]Removing {logging-channel-adapter:_org.springframework.integration.errorLogger} as a subscriber to the 'errorChannel' channel
[INFO ][2023-05-15 19:15:43]Channel 'application.errorChannel' has 0 subscriber(s).
[INFO ][2023-05-15 19:15:43]stopped bean '_org.springframework.integration.errorLogger'
[INFO ][2023-05-15 19:15:43]Shutting down ExecutorService 'taskScheduler'
[INFO ][2023-05-15 19:15:43]Shutting down ExecutorService 'applicationTaskExecutor'
[INFO ][2023-05-15 19:15:49]Starting TeletubbiesApplication on 민영 with PID 304 (C:\study\springboot-teletubbies\out\production\classes started by yny97 in C:\study\springboot-teletubbies)
[INFO ][2023-05-15 19:15:49]No active profile set, falling back to default profiles: default
[INFO ][2023-05-15 19:15:51]Multiple Spring Data modules found, entering strict repository configuration mode!
[INFO ][2023-05-15 19:15:51]Bootstrapping Spring Data Redis repositories in DEFAULT mode.
[INFO ][2023-05-15 19:15:51]Finished Spring Data repository scanning in 29ms. Found 0 Redis repository interfaces.
[INFO ][2023-05-15 19:15:51]Post-processing PropertySource instances
[INFO ][2023-05-15 19:15:51]Skipping PropertySource configurationProperties [class org.springframework.boot.context.properties.source.ConfigurationPropertySourcesPropertySource
[INFO ][2023-05-15 19:15:51]Skipping PropertySource servletConfigInitParams [class org.springframework.core.env.PropertySource$StubPropertySource
[INFO ][2023-05-15 19:15:51]Skipping PropertySource servletContextInitParams [class org.springframework.core.env.PropertySource$StubPropertySource
[INFO ][2023-05-15 19:15:51]Converting PropertySource systemProperties [org.springframework.core.env.PropertiesPropertySource] to EncryptableMapPropertySourceWrapper
[INFO ][2023-05-15 19:15:51]Converting PropertySource systemEnvironment [org.springframework.boot.env.SystemEnvironmentPropertySourceEnvironmentPostProcessor$OriginAwareSystemEnvironmentPropertySource] to EncryptableSystemEnvironmentPropertySourceWrapper
[INFO ][2023-05-15 19:15:51]Converting PropertySource random [org.springframework.boot.env.RandomValuePropertySource] to EncryptablePropertySourceWrapper
[INFO ][2023-05-15 19:15:51]Converting PropertySource applicationConfig: [file:./config/application.yml] [org.springframework.boot.env.OriginTrackedMapPropertySource] to EncryptableMapPropertySourceWrapper
[INFO ][2023-05-15 19:15:51]No bean named 'errorChannel' has been explicitly defined. Therefore, a default PublishSubscribeChannel will be created.
[INFO ][2023-05-15 19:15:52]No bean named 'taskScheduler' has been explicitly defined. Therefore, a default ThreadPoolTaskScheduler will be created.
[INFO ][2023-05-15 19:15:52]No bean named 'integrationHeaderChannelRegistry' has been explicitly defined. Therefore, a default DefaultHeaderChannelRegistry will be created.
[INFO ][2023-05-15 19:15:52]Bean 'org.springframework.integration.config.IntegrationManagementConfiguration' of type [org.springframework.integration.config.IntegrationManagementConfiguration] is not eligible for getting processed by all BeanPostProcessors (for example: not eligible for auto-proxying)
[INFO ][2023-05-15 19:15:52]Bean 'integrationChannelResolver' of type [org.springframework.integration.support.channel.BeanFactoryChannelResolver] is not eligible for getting processed by all BeanPostProcessors (for example: not eligible for auto-proxying)
[INFO ][2023-05-15 19:15:52]Bean 'integrationDisposableAutoCreatedBeans' of type [org.springframework.integration.config.annotation.Disposables] is not eligible for getting processed by all BeanPostProcessors (for example: not eligible for auto-proxying)
[INFO ][2023-05-15 19:15:53]Property Filter custom Bean not found with name 'encryptablePropertyFilter'. Initializing Default Property Filter
[INFO ][2023-05-15 19:15:53]Property Resolver custom Bean not found with name 'encryptablePropertyResolver'. Initializing Default Property Resolver
[INFO ][2023-05-15 19:15:53]Property Detector custom Bean not found with name 'encryptablePropertyDetector'. Initializing Default Property Detector
[INFO ][2023-05-15 19:15:55]Tomcat initialized with port(s): 8004 (http)
[INFO ][2023-05-15 19:15:56]Root WebApplicationContext: initialization completed in 6250 ms
[INFO ][2023-05-15 19:15:57]Initializing ExecutorService 'applicationTaskExecutor'
[INFO ][2023-05-15 19:16:02]Initializing ExecutorService 'taskScheduler'
[INFO ][2023-05-15 19:16:02]Adding {logging-channel-adapter:_org.springframework.integration.errorLogger} as a subscriber to the 'errorChannel' channel
[INFO ][2023-05-15 19:16:02]Channel 'application.errorChannel' has 1 subscriber(s).
[INFO ][2023-05-15 19:16:02]started bean '_org.springframework.integration.errorLogger'
[INFO ][2023-05-15 19:16:02]Tomcat started on port(s): 8004 (http) with context path '/teletubbies'
[INFO ][2023-05-15 19:16:02]Refreshing cached encryptable property sources on ServletWebServerInitializedEvent
[INFO ][2023-05-15 19:16:02]Property Source systemProperties refreshed
[INFO ][2023-05-15 19:16:02]Property Source systemEnvironment refreshed
[INFO ][2023-05-15 19:16:02]Property Source random refreshed
[INFO ][2023-05-15 19:16:02]Property Source applicationConfig: [file:./config/application.yml] refreshed
[INFO ][2023-05-15 19:16:02]Converting PropertySource server.ports [org.springframework.core.env.MapPropertySource] to EncryptableMapPropertySourceWrapper
[INFO ][2023-05-15 19:16:02]Skipping PropertySource configurationProperties [class org.springframework.boot.context.properties.source.ConfigurationPropertySourcesPropertySource
[INFO ][2023-05-15 19:16:02]Skipping PropertySource servletConfigInitParams [class org.springframework.core.env.PropertySource$StubPropertySource
[INFO ][2023-05-15 19:16:02]Converting PropertySource servletContextInitParams [org.springframework.web.context.support.ServletContextPropertySource] to EncryptableEnumerablePropertySourceWrapper
[INFO ][2023-05-15 19:16:02]Started TeletubbiesApplication in 13.78 seconds (JVM running for 16.376)
[INFO ][2023-05-15 19:16:40]Initializing Servlet 'dispatcherServlet'
[INFO ][2023-05-15 19:16:40]Completed initialization in 14 ms
[WARN ][2023-05-15 19:16:40]Resolved [org.springframework.http.converter.HttpMessageNotReadableException: Required request body is missing: public java.lang.Object com.project.teletubbies.controller.TbController.APIHandler(javax.servlet.http.HttpServletRequest,javax.servlet.http.HttpServletResponse,java.lang.Object,java.lang.String) throws java.lang.Exception]
[WARN ][2023-05-15 19:16:48]Resolved [org.springframework.http.converter.HttpMessageNotReadableException: Required request body is missing: public java.lang.Object com.project.teletubbies.controller.TbController.APIHandler(javax.servlet.http.HttpServletRequest,javax.servlet.http.HttpServletResponse,java.lang.Object,java.lang.String) throws java.lang.Exception]
[INFO ][2023-05-15 19:16:48]TbController start
[INFO ][2023-05-15 19:16:48]TbController param : {userId=1, userPw=5}
[INFO ][2023-05-15 19:16:48]TbController ApiCode : tb001A05
[INFO ][2023-05-15 19:16:48]TbService start 
[INFO ][2023-05-15 19:16:48]TbService ApiCode : tb001A05
[INFO ][2023-05-15 19:16:48]TbService handler : com.project.teletubbies.handler.api.tb001A05@36211bbc
[INFO ][2023-05-15 19:16:48]HikariPool-1 - Starting...
[INFO ][2023-05-15 19:16:48]HikariPool-1 - Start completed.
[INFO ][2023-05-15 19:16:48]userId : 1
[INFO ][2023-05-15 19:16:48]userPw : 5
[INFO ][2023-05-15 19:16:48]TbController result : Result [resultCode=0, resultMsg=, resultData=fail]
[WARN ][2023-05-15 19:17:32]Resolved [org.springframework.http.converter.HttpMessageNotReadableException: Required request body is missing: public java.lang.Object com.project.teletubbies.controller.TbController.APIHandler(javax.servlet.http.HttpServletRequest,javax.servlet.http.HttpServletResponse,java.lang.Object,java.lang.String) throws java.lang.Exception]
[INFO ][2023-05-15 19:30:17]Removing {logging-channel-adapter:_org.springframework.integration.errorLogger} as a subscriber to the 'errorChannel' channel
[INFO ][2023-05-15 19:30:17]Channel 'application.errorChannel' has 0 subscriber(s).
[INFO ][2023-05-15 19:30:17]stopped bean '_org.springframework.integration.errorLogger'
[INFO ][2023-05-15 19:30:17]Shutting down ExecutorService 'taskScheduler'
[INFO ][2023-05-15 19:30:17]Shutting down ExecutorService 'applicationTaskExecutor'
[INFO ][2023-05-15 19:30:17]HikariPool-1 - Shutdown initiated...
[INFO ][2023-05-15 19:30:17]HikariPool-1 - Shutdown completed.
[INFO ][2023-05-15 19:30:23]Starting TeletubbiesApplication on 민영 with PID 14256 (C:\study\springboot-teletubbies\out\production\classes started by yny97 in C:\study\springboot-teletubbies)
[INFO ][2023-05-15 19:30:23]No active profile set, falling back to default profiles: default
[INFO ][2023-05-15 19:30:25]Multiple Spring Data modules found, entering strict repository configuration mode!
[INFO ][2023-05-15 19:30:25]Bootstrapping Spring Data Redis repositories in DEFAULT mode.
[INFO ][2023-05-15 19:30:25]Finished Spring Data repository scanning in 28ms. Found 0 Redis repository interfaces.
[INFO ][2023-05-15 19:30:25]Post-processing PropertySource instances
[INFO ][2023-05-15 19:30:25]Skipping PropertySource configurationProperties [class org.springframework.boot.context.properties.source.ConfigurationPropertySourcesPropertySource
[INFO ][2023-05-15 19:30:25]Skipping PropertySource servletConfigInitParams [class org.springframework.core.env.PropertySource$StubPropertySource
[INFO ][2023-05-15 19:30:25]Skipping PropertySource servletContextInitParams [class org.springframework.core.env.PropertySource$StubPropertySource
[INFO ][2023-05-15 19:30:25]Converting PropertySource systemProperties [org.springframework.core.env.PropertiesPropertySource] to EncryptableMapPropertySourceWrapper
[INFO ][2023-05-15 19:30:25]Converting PropertySource systemEnvironment [org.springframework.boot.env.SystemEnvironmentPropertySourceEnvironmentPostProcessor$OriginAwareSystemEnvironmentPropertySource] to EncryptableSystemEnvironmentPropertySourceWrapper
[INFO ][2023-05-15 19:30:25]Converting PropertySource random [org.springframework.boot.env.RandomValuePropertySource] to EncryptablePropertySourceWrapper
[INFO ][2023-05-15 19:30:25]Converting PropertySource applicationConfig: [file:./config/application.yml] [org.springframework.boot.env.OriginTrackedMapPropertySource] to EncryptableMapPropertySourceWrapper
[INFO ][2023-05-15 19:30:25]No bean named 'errorChannel' has been explicitly defined. Therefore, a default PublishSubscribeChannel will be created.
[INFO ][2023-05-15 19:30:25]No bean named 'taskScheduler' has been explicitly defined. Therefore, a default ThreadPoolTaskScheduler will be created.
[INFO ][2023-05-15 19:30:26]No bean named 'integrationHeaderChannelRegistry' has been explicitly defined. Therefore, a default DefaultHeaderChannelRegistry will be created.
[INFO ][2023-05-15 19:30:26]Bean 'org.springframework.integration.config.IntegrationManagementConfiguration' of type [org.springframework.integration.config.IntegrationManagementConfiguration] is not eligible for getting processed by all BeanPostProcessors (for example: not eligible for auto-proxying)
[INFO ][2023-05-15 19:30:26]Bean 'integrationChannelResolver' of type [org.springframework.integration.support.channel.BeanFactoryChannelResolver] is not eligible for getting processed by all BeanPostProcessors (for example: not eligible for auto-proxying)
[INFO ][2023-05-15 19:30:26]Bean 'integrationDisposableAutoCreatedBeans' of type [org.springframework.integration.config.annotation.Disposables] is not eligible for getting processed by all BeanPostProcessors (for example: not eligible for auto-proxying)
[INFO ][2023-05-15 19:30:26]Property Filter custom Bean not found with name 'encryptablePropertyFilter'. Initializing Default Property Filter
[INFO ][2023-05-15 19:30:26]Property Resolver custom Bean not found with name 'encryptablePropertyResolver'. Initializing Default Property Resolver
[INFO ][2023-05-15 19:30:26]Property Detector custom Bean not found with name 'encryptablePropertyDetector'. Initializing Default Property Detector
[INFO ][2023-05-15 19:30:29]Tomcat initialized with port(s): 8004 (http)
[INFO ][2023-05-15 19:30:29]Root WebApplicationContext: initialization completed in 5959 ms
[INFO ][2023-05-15 19:30:30]Initializing ExecutorService 'applicationTaskExecutor'
[INFO ][2023-05-15 19:30:36]Initializing ExecutorService 'taskScheduler'
[INFO ][2023-05-15 19:30:36]Adding {logging-channel-adapter:_org.springframework.integration.errorLogger} as a subscriber to the 'errorChannel' channel
[INFO ][2023-05-15 19:30:36]Channel 'application.errorChannel' has 1 subscriber(s).
[INFO ][2023-05-15 19:30:36]started bean '_org.springframework.integration.errorLogger'
[INFO ][2023-05-15 19:30:36]Tomcat started on port(s): 8004 (http) with context path '/teletubbies'
[INFO ][2023-05-15 19:30:36]Refreshing cached encryptable property sources on ServletWebServerInitializedEvent
[INFO ][2023-05-15 19:30:36]Property Source systemProperties refreshed
[INFO ][2023-05-15 19:30:36]Property Source systemEnvironment refreshed
[INFO ][2023-05-15 19:30:36]Property Source random refreshed
[INFO ][2023-05-15 19:30:36]Property Source applicationConfig: [file:./config/application.yml] refreshed
[INFO ][2023-05-15 19:30:36]Converting PropertySource server.ports [org.springframework.core.env.MapPropertySource] to EncryptableMapPropertySourceWrapper
[INFO ][2023-05-15 19:30:36]Skipping PropertySource configurationProperties [class org.springframework.boot.context.properties.source.ConfigurationPropertySourcesPropertySource
[INFO ][2023-05-15 19:30:36]Skipping PropertySource servletConfigInitParams [class org.springframework.core.env.PropertySource$StubPropertySource
[INFO ][2023-05-15 19:30:36]Converting PropertySource servletContextInitParams [org.springframework.web.context.support.ServletContextPropertySource] to EncryptableEnumerablePropertySourceWrapper
[INFO ][2023-05-15 19:30:36]Started TeletubbiesApplication in 13.59 seconds (JVM running for 15.975)
[INFO ][2023-05-15 19:31:58]Initializing Servlet 'dispatcherServlet'
[INFO ][2023-05-15 19:31:58]Completed initialization in 12 ms
[WARN ][2023-05-15 19:31:58]Resolved [org.springframework.http.converter.HttpMessageNotReadableException: Required request body is missing: public java.lang.Object com.project.teletubbies.controller.TbController.APIHandler(javax.servlet.http.HttpServletRequest,javax.servlet.http.HttpServletResponse,java.lang.Object,java.lang.String) throws java.lang.Exception]
[WARN ][2023-05-15 19:43:03]Resolved [org.springframework.http.converter.HttpMessageNotReadableException: Required request body is missing: public java.lang.Object com.project.teletubbies.controller.TbController.APIHandler(javax.servlet.http.HttpServletRequest,javax.servlet.http.HttpServletResponse,java.lang.Object,java.lang.String) throws java.lang.Exception]
[WARN ][2023-05-15 19:43:10]Resolved [org.springframework.http.converter.HttpMessageNotReadableException: Required request body is missing: public java.lang.Object com.project.teletubbies.controller.TbController.APIHandler(javax.servlet.http.HttpServletRequest,javax.servlet.http.HttpServletResponse,java.lang.Object,java.lang.String) throws java.lang.Exception]
[WARN ][2023-05-15 19:43:53]Resolved [org.springframework.http.converter.HttpMessageNotReadableException: Required request body is missing: public java.lang.Object com.project.teletubbies.controller.TbController.APIHandler(javax.servlet.http.HttpServletRequest,javax.servlet.http.HttpServletResponse,java.lang.Object,java.lang.String) throws java.lang.Exception]
[WARN ][2023-05-15 19:48:49]Resolved [org.springframework.http.converter.HttpMessageNotReadableException: Required request body is missing: public java.lang.Object com.project.teletubbies.controller.TbController.APIHandler(javax.servlet.http.HttpServletRequest,javax.servlet.http.HttpServletResponse,java.lang.Object,java.lang.String) throws java.lang.Exception]
[INFO ][2023-05-15 19:54:37]Removing {logging-channel-adapter:_org.springframework.integration.errorLogger} as a subscriber to the 'errorChannel' channel
[INFO ][2023-05-15 19:54:37]Channel 'application.errorChannel' has 0 subscriber(s).
[INFO ][2023-05-15 19:54:37]stopped bean '_org.springframework.integration.errorLogger'
[INFO ][2023-05-15 19:54:37]Shutting down ExecutorService 'taskScheduler'
[INFO ][2023-05-15 19:54:37]Shutting down ExecutorService 'applicationTaskExecutor'
[INFO ][2023-05-15 19:54:57]Starting TeletubbiesApplication on 민영 with PID 4900 (C:\study\springboot-teletubbies\out\production\classes started by yny97 in C:\study\springboot-teletubbies)
[INFO ][2023-05-15 19:54:57]No active profile set, falling back to default profiles: default
[INFO ][2023-05-15 19:54:59]Multiple Spring Data modules found, entering strict repository configuration mode!
[INFO ][2023-05-15 19:54:59]Bootstrapping Spring Data Redis repositories in DEFAULT mode.
[INFO ][2023-05-15 19:54:59]Finished Spring Data repository scanning in 28ms. Found 0 Redis repository interfaces.
[INFO ][2023-05-15 19:55:00]Post-processing PropertySource instances
[INFO ][2023-05-15 19:55:00]Skipping PropertySource configurationProperties [class org.springframework.boot.context.properties.source.ConfigurationPropertySourcesPropertySource
[INFO ][2023-05-15 19:55:00]Skipping PropertySource servletConfigInitParams [class org.springframework.core.env.PropertySource$StubPropertySource
[INFO ][2023-05-15 19:55:00]Skipping PropertySource servletContextInitParams [class org.springframework.core.env.PropertySource$StubPropertySource
[INFO ][2023-05-15 19:55:00]Converting PropertySource systemProperties [org.springframework.core.env.PropertiesPropertySource] to EncryptableMapPropertySourceWrapper
[INFO ][2023-05-15 19:55:00]Converting PropertySource systemEnvironment [org.springframework.boot.env.SystemEnvironmentPropertySourceEnvironmentPostProcessor$OriginAwareSystemEnvironmentPropertySource] to EncryptableSystemEnvironmentPropertySourceWrapper
[INFO ][2023-05-15 19:55:00]Converting PropertySource random [org.springframework.boot.env.RandomValuePropertySource] to EncryptablePropertySourceWrapper
[INFO ][2023-05-15 19:55:00]Converting PropertySource applicationConfig: [file:./config/application.yml] [org.springframework.boot.env.OriginTrackedMapPropertySource] to EncryptableMapPropertySourceWrapper
[INFO ][2023-05-15 19:55:00]No bean named 'errorChannel' has been explicitly defined. Therefore, a default PublishSubscribeChannel will be created.
[INFO ][2023-05-15 19:55:00]No bean named 'taskScheduler' has been explicitly defined. Therefore, a default ThreadPoolTaskScheduler will be created.
[INFO ][2023-05-15 19:55:00]No bean named 'integrationHeaderChannelRegistry' has been explicitly defined. Therefore, a default DefaultHeaderChannelRegistry will be created.
[INFO ][2023-05-15 19:55:00]Bean 'org.springframework.integration.config.IntegrationManagementConfiguration' of type [org.springframework.integration.config.IntegrationManagementConfiguration] is not eligible for getting processed by all BeanPostProcessors (for example: not eligible for auto-proxying)
[INFO ][2023-05-15 19:55:00]Bean 'integrationChannelResolver' of type [org.springframework.integration.support.channel.BeanFactoryChannelResolver] is not eligible for getting processed by all BeanPostProcessors (for example: not eligible for auto-proxying)
[INFO ][2023-05-15 19:55:00]Bean 'integrationDisposableAutoCreatedBeans' of type [org.springframework.integration.config.annotation.Disposables] is not eligible for getting processed by all BeanPostProcessors (for example: not eligible for auto-proxying)
[INFO ][2023-05-15 19:55:01]Property Filter custom Bean not found with name 'encryptablePropertyFilter'. Initializing Default Property Filter
[INFO ][2023-05-15 19:55:01]Property Resolver custom Bean not found with name 'encryptablePropertyResolver'. Initializing Default Property Resolver
[INFO ][2023-05-15 19:55:01]Property Detector custom Bean not found with name 'encryptablePropertyDetector'. Initializing Default Property Detector
[INFO ][2023-05-15 19:55:03]Tomcat initialized with port(s): 8004 (http)
[INFO ][2023-05-15 19:55:04]Root WebApplicationContext: initialization completed in 6203 ms
[INFO ][2023-05-15 19:55:05]Initializing ExecutorService 'applicationTaskExecutor'
[INFO ][2023-05-15 19:55:10]Initializing ExecutorService 'taskScheduler'
[INFO ][2023-05-15 19:55:10]Adding {logging-channel-adapter:_org.springframework.integration.errorLogger} as a subscriber to the 'errorChannel' channel
[INFO ][2023-05-15 19:55:10]Channel 'application.errorChannel' has 1 subscriber(s).
[INFO ][2023-05-15 19:55:10]started bean '_org.springframework.integration.errorLogger'
[INFO ][2023-05-15 19:55:10]Tomcat started on port(s): 8004 (http) with context path '/teletubbies'
[INFO ][2023-05-15 19:55:10]Refreshing cached encryptable property sources on ServletWebServerInitializedEvent
[INFO ][2023-05-15 19:55:10]Property Source systemProperties refreshed
[INFO ][2023-05-15 19:55:10]Property Source systemEnvironment refreshed
[INFO ][2023-05-15 19:55:10]Property Source random refreshed
[INFO ][2023-05-15 19:55:10]Property Source applicationConfig: [file:./config/application.yml] refreshed
[INFO ][2023-05-15 19:55:10]Converting PropertySource server.ports [org.springframework.core.env.MapPropertySource] to EncryptableMapPropertySourceWrapper
[INFO ][2023-05-15 19:55:10]Skipping PropertySource configurationProperties [class org.springframework.boot.context.properties.source.ConfigurationPropertySourcesPropertySource
[INFO ][2023-05-15 19:55:10]Skipping PropertySource servletConfigInitParams [class org.springframework.core.env.PropertySource$StubPropertySource
[INFO ][2023-05-15 19:55:10]Converting PropertySource servletContextInitParams [org.springframework.web.context.support.ServletContextPropertySource] to EncryptableEnumerablePropertySourceWrapper
[INFO ][2023-05-15 19:55:10]Started TeletubbiesApplication in 13.817 seconds (JVM running for 16.347)
[INFO ][2023-05-15 19:55:40]Initializing Servlet 'dispatcherServlet'
[INFO ][2023-05-15 19:55:40]Completed initialization in 11 ms
[WARN ][2023-05-15 19:55:40]Resolved [org.springframework.http.converter.HttpMessageNotReadableException: Required request body is missing: public java.lang.Object com.project.teletubbies.controller.TbController.APIHandler(javax.servlet.http.HttpServletRequest,javax.servlet.http.HttpServletResponse,java.lang.Object,java.lang.String) throws java.lang.Exception]
